[09:39:37] [ERROR] [FabricLoader/]: Uncaught exception in thread "main"
java.lang.NoClassDefFoundError: org/spongepowered/asm/launch/MixinBootstrap
	at net.fabricmc.loader.impl.game.LoaderLibrary.<clinit>(LoaderLibrary.java:41)
	at net.fabricmc.loader.impl.game.LibClassifier.<init>(LibClassifier.java:91)
	at net.fabricmc.loader.impl.game.minecraft.MinecraftGameProvider.locateGame(MinecraftGameProvider.java:193)
	at net.fabricmc.loader.impl.launch.knot.Knot.createGameProvider(Knot.java:171)
	at net.fabricmc.loader.impl.launch.knot.Knot.init(Knot.java:128)
	at net.fabricmc.loader.impl.launch.knot.Knot.launch(Knot.java:66)
	at net.fabricmc.loader.impl.launch.knot.KnotClient.main(KnotClient.java:23)
Caused by: java.lang.ClassNotFoundException: org.spongepowered.asm.launch.MixinBootstrap
	at java.base/jdk.internal.loader.BuiltinClassLoader.loadClass(BuiltinClassLoader.java:641)
	at java.base/jdk.internal.loader.ClassLoaders$AppClassLoader.loadClass(ClassLoaders.java:188)
	at java.base/java.lang.ClassLoader.loadClass(ClassLoader.java:526)
	... 7 more
[09:39:39] [ERROR] [FabricLoader/]: Uncaught exception in thread "nokta-server-detect"
java.lang.NoClassDefFoundError: com/mojang/logging/LogUtils
	at avi.<clinit>(SourceFile:27)
	at java.base/java.lang.Class.forName0(Native Method)
	at java.base/java.lang.Class.forName(Class.java:421)
	at java.base/java.lang.Class.forName(Class.java:412)
	at com.nokta.agent.hooks.ServerConnectionHook.getMC(ServerConnectionHook.java:46)
	at com.nokta.agent.hooks.ServerConnectionHook.detect(ServerConnectionHook.java:28)
	at com.nokta.agent.hooks.ServerConnectionHook.run(ServerConnectionHook.java:14)
	at java.base/java.lang.Thread.run(Thread.java:1583)
Caused by: java.lang.ClassNotFoundException: com.mojang.logging.LogUtils
	at java.base/jdk.internal.loader.BuiltinClassLoader.loadClass(BuiltinClassLoader.java:641)
	at java.base/jdk.internal.loader.ClassLoaders$AppClassLoader.loadClass(ClassLoaders.java:188)
	at java.base/java.lang.ClassLoader.loadClass(ClassLoader.java:526)
	... 8 more
